This is pdfTeX, Version 3.14159265-2.6-1.40.16 (MiKTeX 2.9) (preloaded format=pdflatex 2015.9.25)  1 NOV 2018 16:52
entering extended mode
**FDT.tex
(FDT.tex
LaTeX2e <2015/01/01> patch level 2
Babel <3.9m> and hyphenation patterns for 69 languages loaded.
("C:\Program Files (x86)\MiKTeX 2.9\tex\latex\base\article.cls"
Document Class: article 2014/09/29 v1.4h Standard LaTeX document class
("C:\Program Files (x86)\MiKTeX 2.9\tex\latex\base\size11.clo"
File: size11.clo 2014/09/29 v1.4h Standard LaTeX file (size option)
)
\c@part=\count79
\c@section=\count80
\c@subsection=\count81
\c@subsubsection=\count82
\c@paragraph=\count83
\c@subparagraph=\count84
\c@figure=\count85
\c@table=\count86
\abovecaptionskip=\skip41
\belowcaptionskip=\skip42
\bibindent=\dimen102
)
("C:\Program Files (x86)\MiKTeX 2.9\tex\latex\base\ifthen.sty"
Package: ifthen 2014/09/29 v1.1c Standard LaTeX ifthen package (DPC)
)
(C:\Users\ahaddadu\AppData\Roaming\MiKTeX\2.9\tex\latex\boxedminipage\boxedmini
page.sty) ("C:\Program Files (x86)\MiKTeX 2.9\tex\latex\base\alltt.sty"
Package: alltt 1997/06/16 v2.0g defines alltt environment
)
("C:\Program Files (x86)\MiKTeX 2.9\tex\latex\graphics\color.sty"
Package: color 2014/10/28 v1.1a Standard LaTeX Color (DPC)

("C:\Program Files (x86)\MiKTeX 2.9\tex\latex\00miktex\color.cfg"
File: color.cfg 2007/01/18 v1.5 color configuration of teTeX/TeXLive
)
Package color Info: Driver file: pdftex.def on input line 142.

("C:\Program Files (x86)\MiKTeX 2.9\tex\latex\pdftex-def\pdftex.def"
File: pdftex.def 2011/05/27 v0.06d Graphics/color for pdfTeX

("C:\Program Files (x86)\MiKTeX 2.9\tex\generic\oberdiek\infwarerr.sty"
Package: infwarerr 2010/04/08 v1.3 Providing info/warning/error messages (HO)
)
("C:\Program Files (x86)\MiKTeX 2.9\tex\generic\oberdiek\ltxcmds.sty"
Package: ltxcmds 2011/11/09 v1.22 LaTeX kernel commands for general use (HO)
)
\Gread@gobject=\count87
))
(C:\Users\ahaddadu\AppData\Roaming\MiKTeX\2.9\tex\latex\url\url.sty
\Urlmuskip=\muskip10
Package: url 2013/09/16  ver 3.4  Verb mode for urls, etc.
)
\c@theorem=\count88
\c@corollary=\count89
 (FDT.aux)
LaTeX Font Info:    Checking defaults for OML/cmm/m/it on input line 73.
LaTeX Font Info:    ... okay on input line 73.
LaTeX Font Info:    Checking defaults for T1/cmr/m/n on input line 73.
LaTeX Font Info:    ... okay on input line 73.
LaTeX Font Info:    Checking defaults for OT1/cmr/m/n on input line 73.
LaTeX Font Info:    ... okay on input line 73.
LaTeX Font Info:    Checking defaults for OMS/cmsy/m/n on input line 73.
LaTeX Font Info:    ... okay on input line 73.
LaTeX Font Info:    Checking defaults for OMX/cmex/m/n on input line 73.
LaTeX Font Info:    ... okay on input line 73.
LaTeX Font Info:    Checking defaults for U/cmr/m/n on input line 73.
LaTeX Font Info:    ... okay on input line 73.

(C:\Users\ahaddadu\AppData\Roaming\MiKTeX\2.9\tex\context\base\supp-pdf.mkii
[Loading MPS to PDF converter (version 2006.09.02).]
\scratchcounter=\count90
\scratchdimen=\dimen103
\scratchbox=\box26
\nofMPsegments=\count91
\nofMParguments=\count92
\everyMPshowfont=\toks14
\MPscratchCnt=\count93
\MPscratchDim=\dimen104
\MPnumerator=\count94
\makeMPintoPDFobject=\count95
\everyMPtoPDFconversion=\toks15
)
LaTeX Font Info:    External font `cmex10' loaded for size
(Font)              <12> on input line 76.
LaTeX Font Info:    External font `cmex10' loaded for size
(Font)              <8> on input line 76.
LaTeX Font Info:    External font `cmex10' loaded for size
(Font)              <6> on input line 76.
LaTeX Font Info:    Try loading font information for OMS+cmr on input line 76.
 ("C:\Program Files (x86)\MiKTeX 2.9\tex\latex\base\omscmr.fd"
File: omscmr.fd 2014/09/29 v2.5h Standard LaTeX font definitions
)
LaTeX Font Info:    Font shape `OMS/cmr/m/n' in size <8> not available
(Font)              Font shape `OMS/cmsy/m/n' tried instead on input line 76.
LaTeX Font Info:    External font `cmex10' loaded for size
(Font)              <9> on input line 76.
LaTeX Font Info:    External font `cmex10' loaded for size
(Font)              <5> on input line 76.
LaTeX Font Info:    Font shape `OMS/cmr/m/n' in size <6> not available
(Font)              Font shape `OMS/cmsy/m/n' tried instead on input line 76.

Underfull \hbox (badness 2351) in paragraph at lines 76--76
[][]\OT1/cmr/m/n/9 Discrete Al-go-rithms and Math De-part-ment, San-dia Na-tion
al Lab-o-ra-to-ries, Al-bu-querque, NM, USA.
 []

LaTeX Font Info:    External font `cmex10' loaded for size
(Font)              <7> on input line 93.
[0


Non-PDF special ignored!{C:/Users/ahaddadu/AppData/Local/MiKTeX/2.9/pdftex/conf
ig/pdftex.map}]

LaTeX Warning: Citation `GJ79' on page 1 undefined on input line 106.


LaTeX Warning: Citation `GJ79' on page 1 undefined on input line 108.


LaTeX Warning: Citation `ampl' on page 1 undefined on input line 118.

LaTeX Font Info:    External font `cmex10' loaded for size
(Font)              <10.95> on input line 140.

LaTeX Warning: Citation `Khachian79' on page 1 undefined on input line 160.

[1]

LaTeX Warning: Citation `RT87' on page 2 undefined on input line 191.


LaTeX Warning: Citation `FGL05' on page 2 undefined on input line 197.


LaTeX Warning: Citation `BarNoyGNS01' on page 2 undefined on input line 202.


LaTeX Warning: Citation `Naor+Schieber:shallow-trees' on page 2 undefined on in
put line 202.


LaTeX Warning: Citation `PhillipsUW2000' on page 2 undefined on input line 202.



LaTeX Warning: Citation `Srinivasan+Teo:STOC97' on page 2 undefined on input li
ne 202.


LaTeX Warning: Citation `BurchCKMPS03' on page 2 undefined on input line 207.


LaTeX Warning: Citation `BoydCarr' on page 2 undefined on input line 209.


LaTeX Warning: Citation `CarrVempala' on page 2 undefined on input line 223.

[2]

LaTeX Warning: Reference `sec:tsp' on page 3 undefined on input line 262.


LaTeX Warning: Reference `sec:future' on page 3 undefined on input line 266.


LaTeX Warning: Citation `CarrVempala' on page 3 undefined on input line 278.


LaTeX Warning: Citation `CarrVempala' on page 3 undefined on input line 287.

[3] [4] [5] [6] [7]

LaTeX Warning: Citation `CarrKLNP07' on page 8 undefined on input line 645.


LaTeX Warning: Citation `ShmoysWilliamson' on page 8 undefined on input line 64
7.


LaTeX Warning: Citation `Christofides76' on page 8 undefined on input line 648.



LaTeX Warning: Citation `BoydLabonte' on page 8 undefined on input line 653.


LaTeX Warning: Citation `BoydCarr' on page 8 undefined on input line 655.


LaTeX Warning: Citation `BoydCarr' on page 8 undefined on input line 661.


LaTeX Warning: Citation `CarrVempala' on page 8 undefined on input line 662.


LaTeX Warning: Citation `BoydCarr' on page 8 undefined on input line 665.


LaTeX Warning: Citation `CarrRavi' on page 8 undefined on input line 665.


LaTeX Warning: Reference `fig:fundExtreme' on page 8 undefined on input line 66
9.


! LaTeX Error: File `fundExtreme.latex' not found.

Type X to quit or <RETURN> to proceed,
or enter new name. (Default extension: latex)

Enter file name: 
! Emergency stop.
<read *> 
         
l.681 \input{fundExtreme.latex}
                               
*** (cannot \read from terminal in nonstop modes)

 
Here is how much of TeX's memory you used:
 1195 strings out of 493673
 15650 string characters out of 3141521
 80305 words of memory out of 3000000
 4572 multiletter control sequences out of 15000+200000
 10405 words of font info for 37 fonts, out of 3000000 for 9000
 1025 hyphenation exceptions out of 8191
 32i,14n,27p,311b,375s stack positions out of 5000i,500n,10000p,200000b,50000s
!  ==> Fatal error occurred, no output PDF file produced!
